#
# A fatal error has been detected by the Java Runtime Environment:
#
#  EXCEPTION_ACCESS_VIOLATION (0xc0000005) at pc=0x000000007110b5db, pid=14576, tid=14104
#
# JRE version: Java(TM) SE Runtime Environment (11.0.2+9) (build 11.0.2+9-LTS)
# Java VM: Java HotSpot(TM) 64-Bit Server VM (11.0.2+9-LTS, mixed mode, tiered, compressed oops, g1 gc, windows-amd64)
# Problematic frame:
# C  [jSSC-2.8_x86_64.dll+0xb5db]
#
# No core dump will be written. Minidumps are not enabled by default on client versions of Windows
#
# If you would like to submit a bug report, please visit:
#   http://bugreport.java.com/bugreport/crash.jsp
# The crash happened outside the Java Virtual Machine in native code.
# See problematic frame for where to report the bug.
#

---------------  S U M M A R Y ------------

Command Line: -Dfile.encoding=UTF-8 -agentlib:jdwp=transport=dt_shmem,address=javadebug Main

Host: Intel(R) Core(TM) i5-8250U CPU @ 1.60GHz, 8 cores, 11G,  Windows 10 , 64 bit Build 17763 (10.0.17763.1)
Time: Mon Mar  4 18:01:59 2019 RTZ 2 (ceia) elapsed time: 0 seconds (0d 0h 0m 0s)

---------------  T H R E A D  ---------------

Current thread (0x000001c36f004000):  JavaThread "main" [_thread_in_native, id=14104, stack(0x0000003ffa100000,0x0000003ffa200000)]

Stack: [0x0000003ffa100000,0x0000003ffa200000],  sp=0x0000003ffa1feed0,  free space=1019k
Native frames: (J=compiled Java code, j=interpreted, Vv=VM code, C=native code)
C  [jSSC-2.8_x86_64.dll+0xb5db]

Java frames: (J=compiled Java code, j=interpreted, Vv=VM code)
j  jssc.SerialNativeInterface.openPort(Ljava/lang/String;Z)J+0
j  jssc.SerialPort.openPort()Z+65
j  Main.connect(Ljava/lang/String;)V+16
j  Main.main([Ljava/lang/String;)V+2
v  ~StubRoutines::call_stub

siginfo: EXCEPTION_ACCESS_VIOLATION (0xc0000005), reading address 0x000000006d1c1fe3


Register to memory mapping:

RIP=0x000000007110b5db jSSC-2.8_x86_64.dll
RAX=0x000000006d1c1fe3 is an unknown value
RBX=0x0000003ffa1fef40 is pointing into the stack for thread: 0x000001c36f004000
RCX=0x00007ffb13ede774 ntdll.dll
RDX=0x0 is NULL
RSP=0x0000003ffa1feed0 is pointing into the stack for thread: 0x000001c36f004000
RBP=0x0000003ffa1ff050 is pointing into the stack for thread: 0x000001c36f004000
RSI=0x000001c36f004340 points into unknown readable memory: b0 3d 85 c3 fa 7f 00 00
RDI=0x00000000000004d0 is an unknown value
R8 =0x0000003ffa1fedc8 is pointing into the stack for thread: 0x000001c36f004000
R9 =0x0000003ffa1feec0 is pointing into the stack for thread: 0x000001c36f004000
R10=0x0 is NULL
R11=0x0000000000000246 is an unknown value
R12=0x0000003ffa1ff108 is pointing into the stack for thread: 0x000001c36f004000
R13=0x000001c37fa927b0 points into unknown readable memory: 43 4f 4d 32 00 00 00 00
R14=0x0000003ffa1ff000 is pointing into the stack for thread: 0x000001c36f004000
R15=0x000001c36f004000 is a thread


Registers:
RAX=0x000000006d1c1fe3, RBX=0x0000003ffa1fef40, RCX=0x00007ffb13ede774, RDX=0x0000000000000000
RSP=0x0000003ffa1feed0, RBP=0x0000003ffa1ff050, RSI=0x000001c36f004340, RDI=0x00000000000004d0
R8 =0x0000003ffa1fedc8, R9 =0x0000003ffa1feec0, R10=0x0000000000000000, R11=0x0000000000000246
R12=0x0000003ffa1ff108, R13=0x000001c37fa927b0, R14=0x0000003ffa1ff000, R15=0x000001c36f004000
RIP=0x000000007110b5db, EFLAGS=0x0000000000010206

Top of Stack: (sp=0x0000003ffa1feed0)
0x0000003ffa1feed0:   0000003ffa1feef8 0000003f00000000
0x0000003ffa1feee0:   000000007110b230 00007ffb13e4e93d
0x0000003ffa1feef0:   0000003ffa1ff108 0000000000000004
0x0000003ffa1fef00:   000001c36f004340 00000000000004d0
0x0000003ffa1fef10:   0000003ffa1ff050 0000000071112590
0x0000003ffa1fef20:   0000003ffa1fef80 0000003f00000000
0x0000003ffa1fef30:   00000000c0000000 0000000000000000
0x0000003ffa1fef40:   00000000000004d0 00007ffb10b8f77c
0x0000003ffa1fef50:   0000003ffa1ff000 000001c37fa927b0
0x0000003ffa1fef60:   0000003ffa1ff108 00000000000004d0
0x0000003ffa1fef70:   0000000071113500 0000000071113be8
0x0000003ffa1fef80:   0000003ffa1fefb0 0000000071112641
0x0000003ffa1fef90:   0000003ffa1fef20 0000000000000000
0x0000003ffa1fefa0:   0000000000000000 0000000000000000
0x0000003ffa1fefb0:   0000003ffa1ff050 0000000071101595
0x0000003ffa1fefc0:   000000000000001c 000001c300000000 

Instructions: (pc=0x000000007110b5db)
0x000000007110b5bb:   c5 0f 1f 40 00 55 57 56 53 48 83 ec 28 48 8b 05
0x000000007110b5cb:   39 33 01 00 48 89 cb 48 85 c0 0f 84 c5 00 00 00
0x000000007110b5db:   8b 38 85 ff 0f 88 ab 00 00 00 48 8b 05 1c 33 01
0x000000007110b5eb:   00 48 85 c0 0f 84 bc 00 00 00 8b 30 85 f6 74 57 


Stack slot to memory mapping:
stack at sp + 0 slots: 0x0000003ffa1feef8 is pointing into the stack for thread: 0x000001c36f004000
stack at sp + 1 slots: 0x0000003f00000000 is an unknown value
stack at sp + 2 slots: 0x000000007110b230 jSSC-2.8_x86_64.dll
stack at sp + 3 slots: 0x00007ffb13e4e93d ntdll.dll
stack at sp + 4 slots: 0x0000003ffa1ff108 is pointing into the stack for thread: 0x000001c36f004000
stack at sp + 5 slots: 0x0000000000000004 is an unknown value
stack at sp + 6 slots: 0x000001c36f004340 points into unknown readable memory: b0 3d 85 c3 fa 7f 00 00
stack at sp + 7 slots: 0x00000000000004d0 is an unknown value


---------------  P R O C E S S  ---------------

Threads class SMR info:
_java_thread_list=0x000001c37fa038e0, length=13, elements={
0x000001c36f004000, 0x000001c37f801800, 0x000001c37f802800, 0x000001c37f85c000,
0x000001c37f85f000, 0x000001c37f860000, 0x000001c37f865800, 0x000001c37f866800,
0x000001c37f9dd800, 0x000001c37f9e9800, 0x000001c37f9ed000, 0x000001c37fa00000,
0x000001c37fa15800
}

Java Threads: ( => current thread )
=>0x000001c36f004000 JavaThread "main" [_thread_in_native, id=14104, stack(0x0000003ffa100000,0x0000003ffa200000)]
  0x000001c37f801800 JavaThread "Reference Handler" daemon [_thread_blocked, id=8856, stack(0x0000003ffa800000,0x0000003ffa900000)]
  0x000001c37f802800 JavaThread "Finalizer" daemon [_thread_blocked, id=15132, stack(0x0000003ffa900000,0x0000003ffaa00000)]
  0x000001c37f85c000 JavaThread "Signal Dispatcher" daemon [_thread_blocked, id=12224, stack(0x0000003ffaa00000,0x0000003ffab00000)]
  0x000001c37f85f000 JavaThread "Attach Listener" daemon [_thread_blocked, id=15780, stack(0x0000003ffab00000,0x0000003ffac00000)]
  0x000001c37f860000 JavaThread "C2 CompilerThread0" daemon [_thread_blocked, id=10116, stack(0x0000003ffac00000,0x0000003ffad00000)]
  0x000001c37f865800 JavaThread "C1 CompilerThread0" daemon [_thread_blocked, id=15412, stack(0x0000003ffad00000,0x0000003ffae00000)]
  0x000001c37f866800 JavaThread "Sweeper thread" daemon [_thread_blocked, id=15068, stack(0x0000003ffae00000,0x0000003ffaf00000)]
  0x000001c37f9dd800 JavaThread "JDWP Transport Listener: dt_shmem" daemon [_thread_blocked, id=2812, stack(0x0000003ffaf00000,0x0000003ffb000000)]
  0x000001c37f9e9800 JavaThread "JDWP Event Helper Thread" daemon [_thread_blocked, id=8872, stack(0x0000003ffb000000,0x0000003ffb100000)]
  0x000001c37f9ed000 JavaThread "JDWP Command Reader" daemon [_thread_in_native, id=15596, stack(0x0000003ffb100000,0x0000003ffb200000)]
  0x000001c37fa00000 JavaThread "Service Thread" daemon [_thread_blocked, id=6996, stack(0x0000003ffb200000,0x0000003ffb300000)]
  0x000001c37fa15800 JavaThread "Common-Cleaner" daemon [_thread_blocked, id=9912, stack(0x0000003ffb400000,0x0000003ffb500000)]

Other Threads:
  0x000001c37efdb000 VMThread "VM Thread" [stack: 0x0000003ffa700000,0x0000003ffa800000] [id=16140]
  0x000001c37fa08800 WatcherThread [stack: 0x0000003ffb300000,0x0000003ffb400000] [id=12360]
  0x000001c36f01a800 GCTaskThread "GC Thread#0" [stack: 0x0000003ffa200000,0x0000003ffa300000] [id=13396]
  0x000001c36f061000 ConcurrentGCThread "G1 Main Marker" [stack: 0x0000003ffa300000,0x0000003ffa400000] [id=14592]
  0x000001c36f063800 ConcurrentGCThread "G1 Conc#0" [stack: 0x0000003ffa400000,0x0000003ffa500000] [id=5832]
  0x000001c37ee40800 ConcurrentGCThread "G1 Refine#0" [stack: 0x0000003ffa500000,0x0000003ffa600000] [id=10324]
  0x000001c37ee41000 ConcurrentGCThread "G1 Young RemSet Sampling" [stack: 0x0000003ffa600000,0x0000003ffa700000] [id=3708]

Threads with active compile tasks:

VM state:not at safepoint (normal execution)

VM Mutex/Monitor currently owned by a thread: None

Heap address: 0x0000000745800000, size: 2984 MB, Compressed Oops mode: Zero based, Oop shift amount: 3
Narrow klass base: 0x0000000800000000, Narrow klass shift: 0
Compressed class space size: 1073741824 Address: 0x0000000800000000

Heap:
 garbage-first heap   total 192512K, used 1024K [0x0000000745800000, 0x0000000800000000)
  region size 1024K, 2 young (2048K), 0 survivors (0K)
 Metaspace       used 4825K, capacity 4872K, committed 5120K, reserved 1056768K
  class space    used 425K, capacity 432K, committed 512K, reserved 1048576K
Heap Regions: E=young(eden), S=young(survivor), O=old, HS=humongous(starts), HC=humongous(continues), CS=collection set, F=free, A=archive, TAMS=top-at-mark-start (previous, next)
|   0|0x0000000745800000, 0x0000000745800000, 0x0000000745900000|  0%| F|  |TAMS 0x0000000745800000, 0x0000000745800000| Untracked 
|   1|0x0000000745900000, 0x0000000745900000, 0x0000000745a00000|  0%| F|  |TAMS 0x0000000745900000, 0x0000000745900000| Untracked 
|   2|0x0000000745a00000, 0x0000000745a00000, 0x0000000745b00000|  0%| F|  |TAMS 0x0000000745a00000, 0x0000000745a00000| Untracked 
|   3|0x0000000745b00000, 0x0000000745b00000, 0x0000000745c00000|  0%| F|  |TAMS 0x0000000745b00000, 0x0000000745b00000| Untracked 
|   4|0x0000000745c00000, 0x0000000745c00000, 0x0000000745d00000|  0%| F|  |TAMS 0x0000000745c00000, 0x0000000745c00000| Untracked 
|   5|0x0000000745d00000, 0x0000000745d00000, 0x0000000745e00000|  0%| F|  |TAMS 0x0000000745d00000, 0x0000000745d00000| Untracked 
|   6|0x0000000745e00000, 0x0000000745e00000, 0x0000000745f00000|  0%| F|  |TAMS 0x0000000745e00000, 0x0000000745e00000| Untracked 
|   7|0x0000000745f00000, 0x0000000745f00000, 0x0000000746000000|  0%| F|  |TAMS 0x0000000745f00000, 0x0000000745f00000| Untracked 
|   8|0x0000000746000000, 0x0000000746000000, 0x0000000746100000|  0%| F|  |TAMS 0x0000000746000000, 0x0000000746000000| Untracked 
|   9|0x0000000746100000, 0x0000000746100000, 0x0000000746200000|  0%| F|  |TAMS 0x0000000746100000, 0x0000000746100000| Untracked 
|  10|0x0000000746200000, 0x0000000746200000, 0x0000000746300000|  0%| F|  |TAMS 0x0000000746200000, 0x0000000746200000| Untracked 
|  11|0x0000000746300000, 0x0000000746300000, 0x0000000746400000|  0%| F|  |TAMS 0x0000000746300000, 0x0000000746300000| Untracked 
|  12|0x0000000746400000, 0x0000000746400000, 0x0000000746500000|  0%| F|  |TAMS 0x0000000746400000, 0x0000000746400000| Untracked 
|  13|0x0000000746500000, 0x0000000746500000, 0x0000000746600000|  0%| F|  |TAMS 0x0000000746500000, 0x0000000746500000| Untracked 
|  14|0x0000000746600000, 0x0000000746600000, 0x0000000746700000|  0%| F|  |TAMS 0x0000000746600000, 0x0000000746600000| Untracked 
|  15|0x0000000746700000, 0x0000000746700000, 0x0000000746800000|  0%| F|  |TAMS 0x0000000746700000, 0x0000000746700000| Untracked 
|  16|0x0000000746800000, 0x0000000746800000, 0x0000000746900000|  0%| F|  |TAMS 0x0000000746800000, 0x0000000746800000| Untracked 
|  17|0x0000000746900000, 0x0000000746900000, 0x0000000746a00000|  0%| F|  |TAMS 0x0000000746900000, 0x0000000746900000| Untracked 
|  18|0x0000000746a00000, 0x0000000746a00000, 0x0000000746b00000|  0%| F|  |TAMS 0x0000000746a00000, 0x0000000746a00000| Untracked 
|  19|0x0000000746b00000, 0x0000000746b00000, 0x0000000746c00000|  0%| F|  |TAMS 0x0000000746b00000, 0x0000000746b00000| Untracked 
|  20|0x0000000746c00000, 0x0000000746c00000, 0x0000000746d00000|  0%| F|  |TAMS 0x0000000746c00000, 0x0000000746c00000| Untracked 
|  21|0x0000000746d00000, 0x0000000746d00000, 0x0000000746e00000|  0%| F|  |TAMS 0x0000000746d00000, 0x0000000746d00000| Untracked 
|  22|0x0000000746e00000, 0x0000000746e00000, 0x0000000746f00000|  0%| F|  |TAMS 0x0000000746e00000, 0x0000000746e00000| Untracked 
|  23|0x0000000746f00000, 0x0000000746f00000, 0x0000000747000000|  0%| F|  |TAMS 0x0000000746f00000, 0x0000000746f00000| Untracked 
|  24|0x0000000747000000, 0x0000000747000000, 0x0000000747100000|  0%| F|  |TAMS 0x0000000747000000, 0x0000000747000000| Untracked 
|  25|0x0000000747100000, 0x0000000747100000, 0x0000000747200000|  0%| F|  |TAMS 0x0000000747100000, 0x0000000747100000| Untracked 
|  26|0x0000000747200000, 0x0000000747200000, 0x0000000747300000|  0%| F|  |TAMS 0x0000000747200000, 0x0000000747200000| Untracked 
|  27|0x0000000747300000, 0x0000000747300000, 0x0000000747400000|  0%| F|  |TAMS 0x0000000747300000, 0x0000000747300000| Untracked 
|  28|0x0000000747400000, 0x0000000747400000, 0x0000000747500000|  0%| F|  |TAMS 0x0000000747400000, 0x0000000747400000| Untracked 
|  29|0x0000000747500000, 0x0000000747500000, 0x0000000747600000|  0%| F|  |TAMS 0x0000000747500000, 0x0000000747500000| Untracked 
|  30|0x0000000747600000, 0x0000000747600000, 0x0000000747700000|  0%| F|  |TAMS 0x0000000747600000, 0x0000000747600000| Untracked 
|  31|0x0000000747700000, 0x0000000747700000, 0x0000000747800000|  0%| F|  |TAMS 0x0000000747700000, 0x0000000747700000| Untracked 
|  32|0x0000000747800000, 0x0000000747800000, 0x0000000747900000|  0%| F|  |TAMS 0x0000000747800000, 0x0000000747800000| Untracked 
|  33|0x0000000747900000, 0x0000000747900000, 0x0000000747a00000|  0%| F|  |TAMS 0x0000000747900000, 0x0000000747900000| Untracked 
|  34|0x0000000747a00000, 0x0000000747a00000, 0x0000000747b00000|  0%| F|  |TAMS 0x0000000747a00000, 0x0000000747a00000| Untracked 
|  35|0x0000000747b00000, 0x0000000747b00000, 0x0000000747c00000|  0%| F|  |TAMS 0x0000000747b00000, 0x0000000747b00000| Untracked 
|  36|0x0000000747c00000, 0x0000000747c00000, 0x0000000747d00000|  0%| F|  |TAMS 0x0000000747c00000, 0x0000000747c00000| Untracked 
|  37|0x0000000747d00000, 0x0000000747d00000, 0x0000000747e00000|  0%| F|  |TAMS 0x0000000747d00000, 0x0000000747d00000| Untracked 
|  38|0x0000000747e00000, 0x0000000747e00000, 0x0000000747f00000|  0%| F|  |TAMS 0x0000000747e00000, 0x0000000747e00000| Untracked 
|  39|0x0000000747f00000, 0x0000000747f00000, 0x0000000748000000|  0%| F|  |TAMS 0x0000000747f00000, 0x0000000747f00000| Untracked 
|  40|0x0000000748000000, 0x0000000748000000, 0x0000000748100000|  0%| F|  |TAMS 0x0000000748000000, 0x0000000748000000| Untracked 
|  41|0x0000000748100000, 0x0000000748100000, 0x0000000748200000|  0%| F|  |TAMS 0x0000000748100000, 0x0000000748100000| Untracked 
|  42|0x0000000748200000, 0x0000000748200000, 0x0000000748300000|  0%| F|  |TAMS 0x0000000748200000, 0x0000000748200000| Untracked 
|  43|0x0000000748300000, 0x0000000748300000, 0x0000000748400000|  0%| F|  |TAMS 0x0000000748300000, 0x0000000748300000| Untracked 
|  44|0x0000000748400000, 0x0000000748400000, 0x0000000748500000|  0%| F|  |TAMS 0x0000000748400000, 0x0000000748400000| Untracked 
|  45|0x0000000748500000, 0x0000000748500000, 0x0000000748600000|  0%| F|  |TAMS 0x0000000748500000, 0x0000000748500000| Untracked 
|  46|0x0000000748600000, 0x0000000748600000, 0x0000000748700000|  0%| F|  |TAMS 0x0000000748600000, 0x0000000748600000| Untracked 
|  47|0x0000000748700000, 0x0000000748700000, 0x0000000748800000|  0%| F|  |TAMS 0x0000000748700000, 0x0000000748700000| Untracked 
|  48|0x0000000748800000, 0x0000000748800000, 0x0000000748900000|  0%| F|  |TAMS 0x0000000748800000, 0x0000000748800000| Untracked 
|  49|0x0000000748900000, 0x0000000748900000, 0x0000000748a00000|  0%| F|  |TAMS 0x0000000748900000, 0x0000000748900000| Untracked 
|  50|0x0000000748a00000, 0x0000000748a00000, 0x0000000748b00000|  0%| F|  |TAMS 0x0000000748a00000, 0x0000000748a00000| Untracked 
|  51|0x0000000748b00000, 0x0000000748b00000, 0x0000000748c00000|  0%| F|  |TAMS 0x0000000748b00000, 0x0000000748b00000| Untracked 
|  52|0x0000000748c00000, 0x0000000748c00000, 0x0000000748d00000|  0%| F|  |TAMS 0x0000000748c00000, 0x0000000748c00000| Untracked 
|  53|0x0000000748d00000, 0x0000000748d00000, 0x0000000748e00000|  0%| F|  |TAMS 0x0000000748d00000, 0x0000000748d00000| Untracked 
|  54|0x0000000748e00000, 0x0000000748e00000, 0x0000000748f00000|  0%| F|  |TAMS 0x0000000748e00000, 0x0000000748e00000| Untracked 
|  55|0x0000000748f00000, 0x0000000748f00000, 0x0000000749000000|  0%| F|  |TAMS 0x0000000748f00000, 0x0000000748f00000| Untracked 
|  56|0x0000000749000000, 0x0000000749000000, 0x0000000749100000|  0%| F|  |TAMS 0x0000000749000000, 0x0000000749000000| Untracked 
|  57|0x0000000749100000, 0x0000000749100000, 0x0000000749200000|  0%| F|  |TAMS 0x0000000749100000, 0x0000000749100000| Untracked 
|  58|0x0000000749200000, 0x0000000749200000, 0x0000000749300000|  0%| F|  |TAMS 0x0000000749200000, 0x0000000749200000| Untracked 
|  59|0x0000000749300000, 0x0000000749300000, 0x0000000749400000|  0%| F|  |TAMS 0x0000000749300000, 0x0000000749300000| Untracked 
|  60|0x0000000749400000, 0x0000000749400000, 0x0000000749500000|  0%| F|  |TAMS 0x0000000749400000, 0x0000000749400000| Untracked 
|  61|0x0000000749500000, 0x0000000749500000, 0x0000000749600000|  0%| F|  |TAMS 0x0000000749500000, 0x0000000749500000| Untracked 
|  62|0x0000000749600000, 0x0000000749600000, 0x0000000749700000|  0%| F|  |TAMS 0x0000000749600000, 0x0000000749600000| Untracked 
|  63|0x0000000749700000, 0x0000000749700000, 0x0000000749800000|  0%| F|  |TAMS 0x0000000749700000, 0x0000000749700000| Untracked 
|  64|0x0000000749800000, 0x0000000749800000, 0x0000000749900000|  0%| F|  |TAMS 0x0000000749800000, 0x0000000749800000| Untracked 
|  65|0x0000000749900000, 0x0000000749900000, 0x0000000749a00000|  0%| F|  |TAMS 0x0000000749900000, 0x0000000749900000| Untracked 
|  66|0x0000000749a00000, 0x0000000749a00000, 0x0000000749b00000|  0%| F|  |TAMS 0x0000000749a00000, 0x0000000749a00000| Untracked 
|  67|0x0000000749b00000, 0x0000000749b00000, 0x0000000749c00000|  0%| F|  |TAMS 0x0000000749b00000, 0x0000000749b00000| Untracked 
|  68|0x0000000749c00000, 0x0000000749c00000, 0x0000000749d00000|  0%| F|  |TAMS 0x0000000749c00000, 0x0000000749c00000| Untracked 
|  69|0x0000000749d00000, 0x0000000749d00000, 0x0000000749e00000|  0%| F|  |TAMS 0x0000000749d00000, 0x0000000749d00000| Untracked 
|  70|0x0000000749e00000, 0x0000000749e00000, 0x0000000749f00000|  0%| F|  |TAMS 0x0000000749e00000, 0x0000000749e00000| Untracked 
|  71|0x0000000749f00000, 0x0000000749f00000, 0x000000074a000000|  0%| F|  |TAMS 0x0000000749f00000, 0x0000000749f00000| Untracked 
|  72|0x000000074a000000, 0x000000074a000000, 0x000000074a100000|  0%| F|  |TAMS 0x000000074a000000, 0x000000074a000000| Untracked 
|  73|0x000000074a100000, 0x000000074a100000, 0x000000074a200000|  0%| F|  |TAMS 0x000000074a100000, 0x000000074a100000| Untracked 
|  74|0x000000074a200000, 0x000000074a200000, 0x000000074a300000|  0%| F|  |TAMS 0x000000074a200000, 0x000000074a200000| Untracked 
|  75|0x000000074a300000, 0x000000074a300000, 0x000000074a400000|  0%| F|  |TAMS 0x000000074a300000, 0x000000074a300000| Untracked 
|  76|0x000000074a400000, 0x000000074a400000, 0x000000074a500000|  0%| F|  |TAMS 0x000000074a400000, 0x000000074a400000| Untracked 
|  77|0x000000074a500000, 0x000000074a500000, 0x000000074a600000|  0%| F|  |TAMS 0x000000074a500000, 0x000000074a500000| Untracked 
|  78|0x000000074a600000, 0x000000074a600000, 0x000000074a700000|  0%| F|  |TAMS 0x000000074a600000, 0x000000074a600000| Untracked 
|  79|0x000000074a700000, 0x000000074a700000, 0x000000074a800000|  0%| F|  |TAMS 0x000000074a700000, 0x000000074a700000| Untracked 
|  80|0x000000074a800000, 0x000000074a800000, 0x000000074a900000|  0%| F|  |TAMS 0x000000074a800000, 0x000000074a800000| Untracked 
|  81|0x000000074a900000, 0x000000074a900000, 0x000000074aa00000|  0%| F|  |TAMS 0x000000074a900000, 0x000000074a900000| Untracked 
|  82|0x000000074aa00000, 0x000000074aa00000, 0x000000074ab00000|  0%| F|  |TAMS 0x000000074aa00000, 0x000000074aa00000| Untracked 
|  83|0x000000074ab00000, 0x000000074ab00000, 0x000000074ac00000|  0%| F|  |TAMS 0x000000074ab00000, 0x000000074ab00000| Untracked 
|  84|0x000000074ac00000, 0x000000074ac00000, 0x000000074ad00000|  0%| F|  |TAMS 0x000000074ac00000, 0x000000074ac00000| Untracked 
|  85|0x000000074ad00000, 0x000000074ad00000, 0x000000074ae00000|  0%| F|  |TAMS 0x000000074ad00000, 0x000000074ad00000| Untracked 
|  86|0x000000074ae00000, 0x000000074ae00000, 0x000000074af00000|  0%| F|  |TAMS 0x000000074ae00000, 0x000000074ae00000| Untracked 
|  87|0x000000074af00000, 0x000000074af00000, 0x000000074b000000|  0%| F|  |TAMS 0x000000074af00000, 0x000000074af00000| Untracked 
|  88|0x000000074b000000, 0x000000074b000000, 0x000000074b100000|  0%| F|  |TAMS 0x000000074b000000, 0x000000074b000000| Untracked 
|  89|0x000000074b100000, 0x000000074b100000, 0x000000074b200000|  0%| F|  |TAMS 0x000000074b100000, 0x000000074b100000| Untracked 
|  90|0x000000074b200000, 0x000000074b200000, 0x000000074b300000|  0%| F|  |TAMS 0x000000074b200000, 0x000000074b200000| Untracked 
|  91|0x000000074b300000, 0x000000074b300000, 0x000000074b400000|  0%| F|  |TAMS 0x000000074b300000, 0x000000074b300000| Untracked 
|  92|0x000000074b400000, 0x000000074b400000, 0x000000074b500000|  0%| F|  |TAMS 0x000000074b400000, 0x000000074b400000| Untracked 
|  93|0x000000074b500000, 0x000000074b500000, 0x000000074b600000|  0%| F|  |TAMS 0x000000074b500000, 0x000000074b500000| Untracked 
|  94|0x000000074b600000, 0x000000074b600000, 0x000000074b700000|  0%| F|  |TAMS 0x000000074b600000, 0x000000074b600000| Untracked 
|  95|0x000000074b700000, 0x000000074b700000, 0x000000074b800000|  0%| F|  |TAMS 0x000000074b700000, 0x000000074b700000| Untracked 
|  96|0x000000074b800000, 0x000000074b800000, 0x000000074b900000|  0%| F|  |TAMS 0x000000074b800000, 0x000000074b800000| Untracked 
|  97|0x000000074b900000, 0x000000074b900000, 0x000000074ba00000|  0%| F|  |TAMS 0x000000074b900000, 0x000000074b900000| Untracked 
|  98|0x000000074ba00000, 0x000000074ba00000, 0x000000074bb00000|  0%| F|  |TAMS 0x000000074ba00000, 0x000000074ba00000| Untracked 
|  99|0x000000074bb00000, 0x000000074bb00000, 0x000000074bc00000|  0%| F|  |TAMS 0x000000074bb00000, 0x000000074bb00000| Untracked 
| 100|0x000000074bc00000, 0x000000074bc00000, 0x000000074bd00000|  0%| F|  |TAMS 0x000000074bc00000, 0x000000074bc00000| Untracked 
| 101|0x000000074bd00000, 0x000000074bd00000, 0x000000074be00000|  0%| F|  |TAMS 0x000000074bd00000, 0x000000074bd00000| Untracked 
| 102|0x000000074be00000, 0x000000074be00000, 0x000000074bf00000|  0%| F|  |TAMS 0x000000074be00000, 0x000000074be00000| Untracked 
| 103|0x000000074bf00000, 0x000000074bf00000, 0x000000074c000000|  0%| F|  |TAMS 0x000000074bf00000, 0x000000074bf00000| Untracked 
| 104|0x000000074c000000, 0x000000074c000000, 0x000000074c100000|  0%| F|  |TAMS 0x000000074c000000, 0x000000074c000000| Untracked 
| 105|0x000000074c100000, 0x000000074c100000, 0x000000074c200000|  0%| F|  |TAMS 0x000000074c100000, 0x000000074c100000| Untracked 
| 106|0x000000074c200000, 0x000000074c200000, 0x000000074c300000|  0%| F|  |TAMS 0x000000074c200000, 0x000000074c200000| Untracked 
| 107|0x000000074c300000, 0x000000074c300000, 0x000000074c400000|  0%| F|  |TAMS 0x000000074c300000, 0x000000074c300000| Untracked 
| 108|0x000000074c400000, 0x000000074c400000, 0x000000074c500000|  0%| F|  |TAMS 0x000000074c400000, 0x000000074c400000| Untracked 
| 109|0x000000074c500000, 0x000000074c500000, 0x000000074c600000|  0%| F|  |TAMS 0x000000074c500000, 0x000000074c500000| Untracked 
| 110|0x000000074c600000, 0x000000074c600000, 0x000000074c700000|  0%| F|  |TAMS 0x000000074c600000, 0x000000074c600000| Untracked 
| 111|0x000000074c700000, 0x000000074c700000, 0x000000074c800000|  0%| F|  |TAMS 0x000000074c700000, 0x000000074c700000| Untracked 
| 112|0x000000074c800000, 0x000000074c800000, 0x000000074c900000|  0%| F|  |TAMS 0x000000074c800000, 0x000000074c800000| Untracked 
| 113|0x000000074c900000, 0x000000074c900000, 0x000000074ca00000|  0%| F|  |TAMS 0x000000074c900000, 0x000000074c900000| Untracked 
| 114|0x000000074ca00000, 0x000000074ca00000, 0x000000074cb00000|  0%| F|  |TAMS 0x000000074ca00000, 0x000000074ca00000| Untracked 
| 115|0x000000074cb00000, 0x000000074cb00000, 0x000000074cc00000|  0%| F|  |TAMS 0x000000074cb00000, 0x000000074cb00000| Untracked 
| 116|0x000000074cc00000, 0x000000074cc00000, 0x000000074cd00000|  0%| F|  |TAMS 0x000000074cc00000, 0x000000074cc00000| Untracked 
| 117|0x000000074cd00000, 0x000000074cd00000, 0x000000074ce00000|  0%| F|  |TAMS 0x000000074cd00000, 0x000000074cd00000| Untracked 
| 118|0x000000074ce00000, 0x000000074ce00000, 0x000000074cf00000|  0%| F|  |TAMS 0x000000074ce00000, 0x000000074ce00000| Untracked 
| 119|0x000000074cf00000, 0x000000074cf00000, 0x000000074d000000|  0%| F|  |TAMS 0x000000074cf00000, 0x000000074cf00000| Untracked 
| 120|0x000000074d000000, 0x000000074d000000, 0x000000074d100000|  0%| F|  |TAMS 0x000000074d000000, 0x000000074d000000| Untracked 
| 121|0x000000074d100000, 0x000000074d100000, 0x000000074d200000|  0%| F|  |TAMS 0x000000074d100000, 0x000000074d100000| Untracked 
| 122|0x000000074d200000, 0x000000074d200000, 0x000000074d300000|  0%| F|  |TAMS 0x000000074d200000, 0x000000074d200000| Untracked 
| 123|0x000000074d300000, 0x000000074d300000, 0x000000074d400000|  0%| F|  |TAMS 0x000000074d300000, 0x000000074d300000| Untracked 
| 124|0x000000074d400000, 0x000000074d400000, 0x000000074d500000|  0%| F|  |TAMS 0x000000074d400000, 0x000000074d400000| Untracked 
| 125|0x000000074d500000, 0x000000074d500000, 0x000000074d600000|  0%| F|  |TAMS 0x000000074d500000, 0x000000074d500000| Untracked 
| 126|0x000000074d600000, 0x000000074d600000, 0x000000074d700000|  0%| F|  |TAMS 0x000000074d600000, 0x000000074d600000| Untracked 
| 127|0x000000074d700000, 0x000000074d700000, 0x000000074d800000|  0%| F|  |TAMS 0x000000074d700000, 0x000000074d700000| Untracked 
| 128|0x000000074d800000, 0x000000074d800000, 0x000000074d900000|  0%| F|  |TAMS 0x000000074d800000, 0x000000074d800000| Untracked 
| 129|0x000000074d900000, 0x000000074d900000, 0x000000074da00000|  0%| F|  |TAMS 0x000000074d900000, 0x000000074d900000| Untracked 
| 130|0x000000074da00000, 0x000000074da00000, 0x000000074db00000|  0%| F|  |TAMS 0x000000074da00000, 0x000000074da00000| Untracked 
| 131|0x000000074db00000, 0x000000074db00000, 0x000000074dc00000|  0%| F|  |TAMS 0x000000074db00000, 0x000000074db00000| Untracked 
| 132|0x000000074dc00000, 0x000000074dc00000, 0x000000074dd00000|  0%| F|  |TAMS 0x000000074dc00000, 0x000000074dc00000| Untracked 
| 133|0x000000074dd00000, 0x000000074dd00000, 0x000000074de00000|  0%| F|  |TAMS 0x000000074dd00000, 0x000000074dd00000| Untracked 
| 134|0x000000074de00000, 0x000000074de00000, 0x000000074df00000|  0%| F|  |TAMS 0x000000074de00000, 0x000000074de00000| Untracked 
| 135|0x000000074df00000, 0x000000074df00000, 0x000000074e000000|  0%| F|  |TAMS 0x000000074df00000, 0x000000074df00000| Untracked 
| 136|0x000000074e000000, 0x000000074e000000, 0x000000074e100000|  0%| F|  |TAMS 0x000000074e000000, 0x000000074e000000| Untracked 
| 137|0x000000074e100000, 0x000000074e100000, 0x000000074e200000|  0%| F|  |TAMS 0x000000074e100000, 0x000000074e100000| Untracked 
| 138|0x000000074e200000, 0x000000074e200000, 0x000000074e300000|  0%| F|  |TAMS 0x000000074e200000, 0x000000074e200000| Untracked 
| 139|0x000000074e300000, 0x000000074e300000, 0x000000074e400000|  0%| F|  |TAMS 0x000000074e300000, 0x000000074e300000| Untracked 
| 140|0x000000074e400000, 0x000000074e400000, 0x000000074e500000|  0%| F|  |TAMS 0x000000074e400000, 0x000000074e400000| Untracked 
| 141|0x000000074e500000, 0x000000074e500000, 0x000000074e600000|  0%| F|  |TAMS 0x000000074e500000, 0x000000074e500000| Untracked 
| 142|0x000000074e600000, 0x000000074e600000, 0x000000074e700000|  0%| F|  |TAMS 0x000000074e600000, 0x000000074e600000| Untracked 
| 143|0x000000074e700000, 0x000000074e700000, 0x000000074e800000|  0%| F|  |TAMS 0x000000074e700000, 0x000000074e700000| Untracked 
| 144|0x000000074e800000, 0x000000074e800000, 0x000000074e900000|  0%| F|  |TAMS 0x000000074e800000, 0x000000074e800000| Untracked 
| 145|0x000000074e900000, 0x000000074e900000, 0x000000074ea00000|  0%| F|  |TAMS 0x000000074e900000, 0x000000074e900000| Untracked 
| 146|0x000000074ea00000, 0x000000074ea00000, 0x000000074eb00000|  0%| F|  |TAMS 0x000000074ea00000, 0x000000074ea00000| Untracked 
| 147|0x000000074eb00000, 0x000000074eb00000, 0x000000074ec00000|  0%| F|  |TAMS 0x000000074eb00000, 0x000000074eb00000| Untracked 
| 148|0x000000074ec00000, 0x000000074ec00000, 0x000000074ed00000|  0%| F|  |TAMS 0x000000074ec00000, 0x000000074ec00000| Untracked 
| 149|0x000000074ed00000, 0x000000074ed00000, 0x000000074ee00000|  0%| F|  |TAMS 0x000000074ed00000, 0x000000074ed00000| Untracked 
| 150|0x000000074ee00000, 0x000000074ee00000, 0x000000074ef00000|  0%| F|  |TAMS 0x000000074ee00000, 0x000000074ee00000| Untracked 
| 151|0x000000074ef00000, 0x000000074ef00000, 0x000000074f000000|  0%| F|  |TAMS 0x000000074ef00000, 0x000000074ef00000| Untracked 
| 152|0x000000074f000000, 0x000000074f000000, 0x000000074f100000|  0%| F|  |TAMS 0x000000074f000000, 0x000000074f000000| Untracked 
| 153|0x000000074f100000, 0x000000074f100000, 0x000000074f200000|  0%| F|  |TAMS 0x000000074f100000, 0x000000074f100000| Untracked 
| 154|0x000000074f200000, 0x000000074f200000, 0x000000074f300000|  0%| F|  |TAMS 0x000000074f200000, 0x000000074f200000| Untracked 
| 155|0x000000074f300000, 0x000000074f300000, 0x000000074f400000|  0%| F|  |TAMS 0x000000074f300000, 0x000000074f300000| Untracked 
| 156|0x000000074f400000, 0x000000074f400000, 0x000000074f500000|  0%| F|  |TAMS 0x000000074f400000, 0x000000074f400000| Untracked 
| 157|0x000000074f500000, 0x000000074f500000, 0x000000074f600000|  0%| F|  |TAMS 0x000000074f500000, 0x000000074f500000| Untracked 
| 158|0x000000074f600000, 0x000000074f600000, 0x000000074f700000|  0%| F|  |TAMS 0x000000074f600000, 0x000000074f600000| Untracked 
| 159|0x000000074f700000, 0x000000074f700000, 0x000000074f800000|  0%| F|  |TAMS 0x000000074f700000, 0x000000074f700000| Untracked 
| 160|0x000000074f800000, 0x000000074f800000, 0x000000074f900000|  0%| F|  |TAMS 0x000000074f800000, 0x000000074f800000| Untracked 
| 161|0x000000074f900000, 0x000000074f900000, 0x000000074fa00000|  0%| F|  |TAMS 0x000000074f900000, 0x000000074f900000| Untracked 
| 162|0x000000074fa00000, 0x000000074fa00000, 0x000000074fb00000|  0%| F|  |TAMS 0x000000074fa00000, 0x000000074fa00000| Untracked 
| 163|0x000000074fb00000, 0x000000074fb00000, 0x000000074fc00000|  0%| F|  |TAMS 0x000000074fb00000, 0x000000074fb00000| Untracked 
| 164|0x000000074fc00000, 0x000000074fc00000, 0x000000074fd00000|  0%| F|  |TAMS 0x000000074fc00000, 0x000000074fc00000| Untracked 
| 165|0x000000074fd00000, 0x000000074fd00000, 0x000000074fe00000|  0%| F|  |TAMS 0x000000074fd00000, 0x000000074fd00000| Untracked 
| 166|0x000000074fe00000, 0x000000074fe00000, 0x000000074ff00000|  0%| F|  |TAMS 0x000000074fe00000, 0x000000074fe00000| Untracked 
| 167|0x000000074ff00000, 0x000000074ff00000, 0x0000000750000000|  0%| F|  |TAMS 0x000000074ff00000, 0x000000074ff00000| Untracked 
| 168|0x0000000750000000, 0x0000000750000000, 0x0000000750100000|  0%| F|  |TAMS 0x0000000750000000, 0x0000000750000000| Untracked 
| 169|0x0000000750100000, 0x0000000750100000, 0x0000000750200000|  0%| F|  |TAMS 0x0000000750100000, 0x0000000750100000| Untracked 
| 170|0x0000000750200000, 0x0000000750200000, 0x0000000750300000|  0%| F|  |TAMS 0x0000000750200000, 0x0000000750200000| Untracked 
| 171|0x0000000750300000, 0x0000000750300000, 0x0000000750400000|  0%| F|  |TAMS 0x0000000750300000, 0x0000000750300000| Untracked 
| 172|0x0000000750400000, 0x0000000750400000, 0x0000000750500000|  0%| F|  |TAMS 0x0000000750400000, 0x0000000750400000| Untracked 
| 173|0x0000000750500000, 0x0000000750500000, 0x0000000750600000|  0%| F|  |TAMS 0x0000000750500000, 0x0000000750500000| Untracked 
| 174|0x0000000750600000, 0x0000000750600000, 0x0000000750700000|  0%| F|  |TAMS 0x0000000750600000, 0x0000000750600000| Untracked 
| 175|0x0000000750700000, 0x0000000750700000, 0x0000000750800000|  0%| F|  |TAMS 0x0000000750700000, 0x0000000750700000| Untracked 
| 176|0x0000000750800000, 0x0000000750800000, 0x0000000750900000|  0%| F|  |TAMS 0x0000000750800000, 0x0000000750800000| Untracked 
| 177|0x0000000750900000, 0x0000000750900000, 0x0000000750a00000|  0%| F|  |TAMS 0x0000000750900000, 0x0000000750900000| Untracked 
| 178|0x0000000750a00000, 0x0000000750a00000, 0x0000000750b00000|  0%| F|  |TAMS 0x0000000750a00000, 0x0000000750a00000| Untracked 
| 179|0x0000000750b00000, 0x0000000750b00000, 0x0000000750c00000|  0%| F|  |TAMS 0x0000000750b00000, 0x0000000750b00000| Untracked 
| 180|0x0000000750c00000, 0x0000000750c00000, 0x0000000750d00000|  0%| F|  |TAMS 0x0000000750c00000, 0x0000000750c00000| Untracked 
| 181|0x0000000750d00000, 0x0000000750d00000, 0x0000000750e00000|  0%| F|  |TAMS 0x0000000750d00000, 0x0000000750d00000| Untracked 
| 182|0x0000000750e00000, 0x0000000750e00000, 0x0000000750f00000|  0%| F|  |TAMS 0x0000000750e00000, 0x0000000750e00000| Untracked 
| 183|0x0000000750f00000, 0x0000000750f00000, 0x0000000751000000|  0%| F|  |TAMS 0x0000000750f00000, 0x0000000750f00000| Untracked 
| 184|0x0000000751000000, 0x0000000751000000, 0x0000000751100000|  0%| F|  |TAMS 0x0000000751000000, 0x0000000751000000| Untracked 
| 185|0x0000000751100000, 0x0000000751100000, 0x0000000751200000|  0%| F|  |TAMS 0x0000000751100000, 0x0000000751100000| Untracked 
| 186|0x0000000751200000, 0x00000007512f6470, 0x0000000751300000| 96%| E|  |TAMS 0x0000000751200000, 0x0000000751200000| Complete 
| 187|0x0000000751300000, 0x0000000751400000, 0x0000000751400000|100%| E|CS|TAMS 0x0000000751300000, 0x0000000751300000| Complete 

Card table byte_map: [0x000001c377c40000,0x000001c378220000] _byte_map_base: 0x000001c374214000

Marking Bits (Prev, Next): (CMBitMap*) 0x000001c36f052898, (CMBitMap*) 0x000001c36f0528d0
 Prev Bits: [0x000001c378800000, 0x000001c37b6a0000)
 Next Bits: [0x000001c37b6a0000, 0x000001c37e540000)

Polling page: 0x000001c36ce80000

Metaspace:

Usage:
  Non-class:      4.34 MB capacity,     4.30 MB (>99%) used,    39.57 KB ( <1%) free+waste,   768 bytes ( <1%) overhead. 
      Class:    432.00 KB capacity,   425.85 KB ( 99%) used,     5.52 KB (  1%) free+waste,   640 bytes ( <1%) overhead. 
       Both:      4.76 MB capacity,     4.71 MB (>99%) used,    45.09 KB ( <1%) free+waste,     1.38 KB ( <1%) overhead. 

Virtual space:
  Non-class space:        8.00 MB reserved,       4.50 MB ( 56%) committed 
      Class space:        1.00 GB reserved,     512.00 KB ( <1%) committed 
             Both:        1.01 GB reserved,       5.00 MB ( <1%) committed 

Chunk freelists:
   Non-Class:  5.00 KB
       Class:  2.00 KB
        Both:  7.00 KB

CodeHeap 'non-profiled nmethods': size=120000Kb used=27Kb max_used=27Kb free=119973Kb
 bounds [0x000001c307ad0000, 0x000001c307d40000, 0x000001c30f000000]
CodeHeap 'profiled nmethods': size=120000Kb used=159Kb max_used=159Kb free=119841Kb
 bounds [0x000001c3005a0000, 0x000001c300810000, 0x000001c307ad0000]
CodeHeap 'non-nmethods': size=5760Kb used=1109Kb max_used=1119Kb free=4651Kb
 bounds [0x000001c300000000, 0x000001c300270000, 0x000001c3005a0000]
 total_blobs=458 nmethods=112 adapters=207
 compilation: enabled
              stopped_count=0, restarted_count=0
 full_count=0

Compilation events (10 events):
Event: 0.557 Thread 0x000001c37f860000  108       4       java.lang.String::isLatin1 (19 bytes)
Event: 0.557 Thread 0x000001c37f865800  109       3       java.lang.StringLatin1::newString (17 bytes)
Event: 0.558 Thread 0x000001c37f865800 nmethod 109 0x000001c3005c6810 code [0x000001c3005c69e0, 0x000001c3005c6d10]
Event: 0.558 Thread 0x000001c37f860000 nmethod 108 0x000001c307ad6490 code [0x000001c307ad6620, 0x000001c307ad6698]
Event: 0.559 Thread 0x000001c37f860000  110       4       java.lang.StringLatin1::indexOf (61 bytes)
Event: 0.560 Thread 0x000001c37f865800  111       3       java.lang.StringBuilder::append (8 bytes)
Event: 0.560 Thread 0x000001c37f865800 nmethod 111 0x000001c3005c6e10 code [0x000001c3005c6fc0, 0x000001c3005c7170]
Event: 0.560 Thread 0x000001c37f865800  112       3       java.lang.AbstractStringBuilder::append (45 bytes)
Event: 0.561 Thread 0x000001c37f865800 nmethod 112 0x000001c3005c7210 code [0x000001c3005c7440, 0x000001c3005c79c0]
Event: 0.562 Thread 0x000001c37f860000 nmethod 110 0x000001c307ad6710 code [0x000001c307ad68a0, 0x000001c307ad6a78]

GC Heap History (0 events):
No events

Deoptimization events (1 events):
Event: 0.488 Thread 0x000001c36f004000 Uncommon trap: reason=unstable_if action=reinterpret pc=0x000001c307ad581c method=java.lang.String.hashCode()I @ 14 c2

Classes redefined (0 events):
No events

Internal exceptions (0 events):
No events

Events (10 events):
Event: 0.559 loading class jssc/SerialPortTimeoutException
Event: 0.559 loading class jssc/SerialPortTimeoutException done
Event: 0.559 loading class jssc/SerialNativeInterface
Event: 0.559 loading class jssc/SerialNativeInterface done
Event: 0.561 loading class java/io/Reader
Event: 0.561 loading class java/lang/Readable
Event: 0.561 loading class java/lang/Readable done
Event: 0.561 loading class java/io/Reader done
Event: 0.562 loading class java/io/InputStreamReader
Event: 0.562 loading class java/io/InputStreamReader done


Dynamic libraries:
0x00007ff648410000 - 0x00007ff648457000 	C:\Java\jdk-11.0.2\bin\java.exe
0x00007ffb13e40000 - 0x00007ffb1402d000 	C:\WINDOWS\SYSTEM32\ntdll.dll
0x00007ffb13420000 - 0x00007ffb134d3000 	C:\WINDOWS\System32\KERNEL32.DLL
0x00007ffb10b60000 - 0x00007ffb10df3000 	C:\WINDOWS\System32\KERNELBASE.dll
0x00007ffb13360000 - 0x00007ffb13403000 	C:\WINDOWS\System32\ADVAPI32.dll
0x00007ffb12a10000 - 0x00007ffb12aae000 	C:\WINDOWS\System32\msvcrt.dll
0x00007ffb12cb0000 - 0x00007ffb12d4e000 	C:\WINDOWS\System32\sechost.dll
0x00007ffb111d0000 - 0x00007ffb112f3000 	C:\WINDOWS\System32\RPCRT4.dll
0x00007ffb13a60000 - 0x00007ffb13bf7000 	C:\WINDOWS\System32\USER32.dll
0x00007ffb10eb0000 - 0x00007ffb10ed0000 	C:\WINDOWS\System32\win32u.dll
0x00007ffb13820000 - 0x00007ffb13849000 	C:\WINDOWS\System32\GDI32.dll
0x00007ffb0ff90000 - 0x00007ffb1012a000 	C:\WINDOWS\System32\gdi32full.dll
0x00007ffb10ed0000 - 0x00007ffb10f70000 	C:\WINDOWS\System32\msvcp_win.dll
0x00007ffb10f70000 - 0x00007ffb1106c000 	C:\WINDOWS\System32\ucrtbase.dll
0x00007ffafa770000 - 0x00007ffafa9e9000 	C:\WINDOWS\WinSxS\amd64_microsoft.windows.common-controls_6595b64144ccf1df_6.0.17763.134_none_05b3373a07211a5c\COMCTL32.dll
0x00007ffb134f0000 - 0x00007ffb1381d000 	C:\WINDOWS\System32\combase.dll
0x00007ffb108a0000 - 0x00007ffb1091e000 	C:\WINDOWS\System32\bcryptPrimitives.dll
0x00007ffb03620000 - 0x00007ffb0362a000 	C:\WINDOWS\SYSTEM32\VERSION.dll
0x00007ffb13310000 - 0x00007ffb1333e000 	C:\WINDOWS\System32\IMM32.DLL
0x00007ffb07410000 - 0x00007ffb07426000 	C:\Java\jdk-11.0.2\bin\vcruntime140.dll
0x00007ffae1b60000 - 0x00007ffae1c0a000 	C:\Java\jdk-11.0.2\bin\msvcp140.dll
0x00007ffac2e60000 - 0x00007ffac3987000 	C:\Java\jdk-11.0.2\bin\server\jvm.dll
0x00007ffb13410000 - 0x00007ffb13418000 	C:\WINDOWS\System32\PSAPI.DLL
0x00007ffb0e9d0000 - 0x00007ffb0e9d9000 	C:\WINDOWS\SYSTEM32\WSOCK32.dll
0x00007ffb12db0000 - 0x00007ffb12e1d000 	C:\WINDOWS\System32\WS2_32.dll
0x00007ffb0dc00000 - 0x00007ffb0dc24000 	C:\WINDOWS\SYSTEM32\WINMM.dll
0x00007ffb0dbd0000 - 0x00007ffb0dbfd000 	C:\WINDOWS\SYSTEM32\WINMMBASE.dll
0x00007ffb0ff10000 - 0x00007ffb0ff5a000 	C:\WINDOWS\System32\cfgmgr32.dll
0x00007ffb0fe40000 - 0x00007ffb0fe51000 	C:\WINDOWS\System32\kernel.appcore.dll
0x00007ffaffb20000 - 0x00007ffaffb31000 	C:\Java\jdk-11.0.2\bin\verify.dll
0x00007ffb0e680000 - 0x00007ffb0e86d000 	C:\WINDOWS\SYSTEM32\DBGHELP.DLL
0x00007ffafcf20000 - 0x00007ffafcf4a000 	C:\WINDOWS\SYSTEM32\dbgcore.DLL
0x00007ffafcf70000 - 0x00007ffafcf99000 	C:\Java\jdk-11.0.2\bin\java.dll
0x00007ffafaf00000 - 0x00007ffafaf37000 	C:\Java\jdk-11.0.2\bin\jdwp.dll
0x00007ffafc2a0000 - 0x00007ffafc2b6000 	C:\Java\jdk-11.0.2\bin\zip.dll
0x00007ffb0dc70000 - 0x00007ffb0dc7a000 	C:\Java\jdk-11.0.2\bin\jimage.dll
0x00007ffb11520000 - 0x00007ffb12a0f000 	C:\WINDOWS\System32\SHELL32.dll
0x00007ffb12b80000 - 0x00007ffb12c28000 	C:\WINDOWS\System32\shcore.dll
0x00007ffb10150000 - 0x00007ffb10898000 	C:\WINDOWS\System32\windows.storage.dll
0x00007ffb0fe80000 - 0x00007ffb0fea4000 	C:\WINDOWS\System32\profapi.dll
0x00007ffb0feb0000 - 0x00007ffb0ff0d000 	C:\WINDOWS\System32\powrprof.dll
0x00007ffb13c00000 - 0x00007ffb13c52000 	C:\WINDOWS\System32\shlwapi.dll
0x00007ffb10130000 - 0x00007ffb10147000 	C:\WINDOWS\System32\cryptsp.dll
0x00007ffb073a0000 - 0x00007ffb073ab000 	C:\Java\jdk-11.0.2\bin\dt_shmem.dll
0x00007ffafbfb0000 - 0x00007ffafbfc9000 	C:\java\jdk-11.0.2\bin\net.dll
0x00007ffb0aeb0000 - 0x00007ffb0afa1000 	C:\WINDOWS\SYSTEM32\WINHTTP.dll
0x00007ffb00e10000 - 0x00007ffb00fe7000 	C:\WINDOWS\SYSTEM32\urlmon.dll
0x00007ffafe360000 - 0x00007ffafe608000 	C:\WINDOWS\SYSTEM32\iertutil.dll
0x00007ffb0f840000 - 0x00007ffb0f84c000 	C:\WINDOWS\SYSTEM32\CRYPTBASE.DLL
0x00007ffb0f670000 - 0x00007ffb0f6d7000 	C:\WINDOWS\system32\mswsock.dll
0x00007ffafbf20000 - 0x00007ffafbf33000 	C:\java\jdk-11.0.2\bin\nio.dll
0x0000000071100000 - 0x0000000071125000 	C:\Users\akochegizov\.jssc\windows\jSSC-2.8_x86_64.dll

dbghelp: loaded successfully - version: 4.0.5 - missing functions: none
symbol engine: initialized successfully - sym options: 0x614 - pdb path: .;C:\Java\jdk-11.0.2\bin;C:\WINDOWS\SYSTEM32;C:\WINDOWS\WinSxS\amd64_microsoft.windows.common-controls_6595b64144ccf1df_6.0.17763.134_none_05b3373a07211a5c;C:\Java\jdk-11.0.2\bin\server;C:\Users\akochegizov\.jssc\windows

VM Arguments:
jvm_args: -Dfile.encoding=UTF-8 -agentlib:jdwp=transport=dt_shmem,address=javadebug 
java_command: Main
java_class_path (initial): C:\Users\akochegizov\Documents\TunerStudioProjects\Prometheus\SVN\branches\com-support\com.company\lib\RXTXcomm.jar;C:\Users\akochegizov\Documents\TunerStudioProjects\Prometheus\SVN\branches\com-support\com.company\lib\TunerStudioPluginAPI-javadoc.jar;C:\Users\akochegizov\Documents\TunerStudioProjects\Prometheus\SVN\branches\com-support\com.company\lib\TunerStudioPluginAPI.jar;C:\Users\akochegizov\Documents\TunerStudioProjects\Prometheus\SVN\branches\com-support\com.company\lib\jssc-2.8.0-javadoc.jar;C:\Users\akochegizov\Documents\TunerStudioProjects\Prometheus\SVN\branches\com-support\com.company\lib\jssc.jar;C:\Users\akochegizov\Documents\TunerStudioProjects\Prometheus\SVN\branches\com-support\com.company\build\classes
Launcher Type: SUN_STANDARD

[Global flags]
     intx CICompilerCount                          = 4                                         {product} {ergonomic}
     uint ConcGCThreads                            = 2                                         {product} {ergonomic}
     uint G1ConcRefinementThreads                  = 8                                         {product} {ergonomic}
   size_t G1HeapRegionSize                         = 1048576                                   {product} {ergonomic}
    uintx GCDrainStackTargetSize                   = 64                                        {product} {ergonomic}
   size_t InitialHeapSize                          = 197132288                                 {product} {ergonomic}
   size_t MarkStackSize                            = 4194304                                   {product} {ergonomic}
   size_t MaxHeapSize                              = 3128950784                                {product} {ergonomic}
   size_t MaxNewSize                               = 1876951040                                {product} {ergonomic}
   size_t MinHeapDeltaBytes                        = 1048576                                   {product} {ergonomic}
    uintx NonNMethodCodeHeapSize                   = 5835340                                {pd product} {ergonomic}
    uintx NonProfiledCodeHeapSize                  = 122911450                              {pd product} {ergonomic}
    uintx ProfiledCodeHeapSize                     = 122911450                              {pd product} {ergonomic}
    uintx ReservedCodeCacheSize                    = 251658240                              {pd product} {ergonomic}
     bool SegmentedCodeCache                       = true                                      {product} {ergonomic}
     bool UseCompressedClassPointers               = true                                 {lp64_product} {ergonomic}
     bool UseCompressedOops                        = true                                 {lp64_product} {ergonomic}
     bool UseG1GC                                  = true                                      {product} {ergonomic}
     bool UseLargePagesIndividualAllocation        = false                                  {pd product} {ergonomic}

Logging:
Log output configuration:
 #0: stdout all=warning uptime,level,tags
 #1: stderr all=off uptime,level,tags

Environment Variables:
PATH=C:\Program Files (x86)\Common Files\Oracle\Java\javapath;C:\Sybase\DBISQL\bin;C:\Sybase\DataAccess64\ADONET\dll;C:\Sybase\DataAccess\ADONET\dll;C:\Sybase\DataAccess64\ODBC\dll;C:\Sybase\DataAccess\ODBC\dll;C:\Sybase\DataAccess64\OLEDB\dll;C:\Sybase\DataAccess\OLEDB\dll;C:\Sybase\OCS-15_0\lib3p64;C:\Sybase\OCS-15_0\lib3p;C:\Sybase\OCS-15_0\dll;C:\Sybase\OCS-15_0\bin;C:\WINDOWS\system32;C:\WINDOWS;C:\WINDOWS\System32\Wbem;C:\WINDOWS\System32\WindowsPowerShell\v1.0\;C:\Program Files (x86)\Microsoft SQL Server\80\Tools\BINN;C:\Program Files\Microsoft SQL Server\Client SDK\ODBC\110\Tools\Binn\;C:\Program Files (x86)\Microsoft SQL Server\120\Tools\Binn\ManagementStudio\;C:\Program Files (x86)\Microsoft SQL Server\120\Tools\Binn\;C:\Program Files\Microsoft SQL Server\120\Tools\Binn\;C:\Program Files (x86)\Microsoft SQL Server\120\DTS\Binn\;C:\Program Files\Microsoft SQL Server\120\DTS\Binn\;C:\Program Files (x86)\Microsoft SQL Server\Client SDK\ODBC\130\Tools\Binn\;C:\Program Files (x86)\Microsoft SQL Server\140\Tools\Binn\;C:\Program Files (x86)\Microsoft SQL Server\140\DTS\Binn\;C:\Program Files (x86)\Microsoft SQL Server\140\Tools\Binn\ManagementStudio\;C:\WINDOWS\System32\OpenSSH\;C:\Program Files\dotnet\;C:\Program Files\Microsoft SQL Server\130\Tools\Binn\;C:\Program Files\Git\cmd;C:\Program Files\TortoiseSVN\bin;C:\Program Files\PuTTY\;C:\Users\akochegizov\AppData\Local\Microsoft\WindowsApps;C:\SVN\apache-maven-3.6.0\bin\;C:\java\jdk-11.0.2\bin;
USERNAME=akochegizov
OS=Windows_NT
PROCESSOR_IDENTIFIER=Intel64 Family 6 Model 142 Stepping 10, GenuineIntel



---------------  S Y S T E M  ---------------

OS: Windows 10 , 64 bit Build 17763 (10.0.17763.1)

CPU:total 8 (initial active 8) (4 cores per cpu, 2 threads per core) family 6 model 142 stepping 10, cmov, cx8, fxsr, mmx, sse, sse2, sse3, ssse3, sse4.1, sse4.2, popcnt, avx, avx2, aes, clmul, erms, 3dnowpref, lzcnt, ht, tsc, tscinvbit, bmi1, bmi2, adx, fma

Memory: 4k page, system-wide physical 11930M (5036M free)
TotalPageFile size 12698M (AvailPageFile size 1746M)
current process WorkingSet (physical memory assigned to process): 35M, peak: 35M
current process commit charge ("private bytes"): 267M, peak: 267M

vm_info: Java HotSpot(TM) 64-Bit Server VM (11.0.2+9-LTS) for windows-amd64 JRE (11.0.2+9-LTS), built on Jan 18 2019 05:24:10 by "mach5one" with MS VC++ 15.5 (VS2017)

END.
